0 info it worked if it ends with ok
1 verbose cli [ '/usr/local/bin/node', '/usr/local/bin/npm', 'publish' ]
2 info using npm@1.4.28
3 info using node@v0.10.38
4 verbose publish [ '.' ]
5 verbose cache add [ '.', null ]
6 verbose cache add name=undefined spec="." args=[".",null]
7 verbose parsed url { protocol: null,
7 verbose parsed url   slashes: null,
7 verbose parsed url   auth: null,
7 verbose parsed url   host: null,
7 verbose parsed url   port: null,
7 verbose parsed url   hostname: null,
7 verbose parsed url   hash: null,
7 verbose parsed url   search: null,
7 verbose parsed url   query: null,
7 verbose parsed url   pathname: '.',
7 verbose parsed url   path: '.',
7 verbose parsed url   href: '.' }
8 silly lockFile 3a52ce78- .
9 verbose lock . /home/ITRANSITION/a.shevel/.npm/3a52ce78-.lock
10 verbose tar pack [ '/home/ITRANSITION/a.shevel/.npm/mercury.js/0.2.1/package.tgz',
10 verbose tar pack   '.' ]
11 verbose tarball /home/ITRANSITION/a.shevel/.npm/mercury.js/0.2.1/package.tgz
12 verbose folder .
13 info prepublish mercury.js@0.2.1
14 silly lockFile 1f1177db-tar tar://.
15 verbose lock tar://. /home/ITRANSITION/a.shevel/.npm/1f1177db-tar.lock
16 silly lockFile 997571d9-npm-mercury-js-0-2-1-package-tgz tar:///home/ITRANSITION/a.shevel/.npm/mercury.js/0.2.1/package.tgz
17 verbose lock tar:///home/ITRANSITION/a.shevel/.npm/mercury.js/0.2.1/package.tgz /home/ITRANSITION/a.shevel/.npm/997571d9-npm-mercury-js-0-2-1-package-tgz.lock
18 silly lockFile 1f1177db-tar tar://.
19 silly lockFile 1f1177db-tar tar://.
20 silly lockFile 997571d9-npm-mercury-js-0-2-1-package-tgz tar:///home/ITRANSITION/a.shevel/.npm/mercury.js/0.2.1/package.tgz
21 silly lockFile 997571d9-npm-mercury-js-0-2-1-package-tgz tar:///home/ITRANSITION/a.shevel/.npm/mercury.js/0.2.1/package.tgz
22 silly lockFile ac445617-vel-npm-mercury-js-0-2-1-package /home/ITRANSITION/a.shevel/.npm/mercury.js/0.2.1/package
23 verbose lock /home/ITRANSITION/a.shevel/.npm/mercury.js/0.2.1/package /home/ITRANSITION/a.shevel/.npm/ac445617-vel-npm-mercury-js-0-2-1-package.lock
24 silly lockFile ac445617-vel-npm-mercury-js-0-2-1-package /home/ITRANSITION/a.shevel/.npm/mercury.js/0.2.1/package
25 silly lockFile ac445617-vel-npm-mercury-js-0-2-1-package /home/ITRANSITION/a.shevel/.npm/mercury.js/0.2.1/package
26 silly lockFile 3a52ce78- .
27 silly lockFile 3a52ce78- .
28 silly publish { name: 'mercury.js',
28 silly publish   version: '0.2.1',
28 silly publish   description: 'Mercury project',
28 silly publish   main: 'src/index.js',
28 silly publish   dependencies:
28 silly publish    { express: '^4.13.3',
28 silly publish      knex: '^0.8.6',
28 silly publish      'lodash-node': '^3.10.1',
28 silly publish      mysql: '^2.8.0',
28 silly publish      pg: '^4.4.0',
28 silly publish      'recursive-readdir': '^1.2.1',
28 silly publish      'serve-static': '^1.10.0',
28 silly publish      'socket.io': '^1.3.6' },
28 silly publish   devDependencies: {},
28 silly publish   scripts: { test: 'echo "Error: no test specified" && exit 1' },
28 silly publish   repository:
28 silly publish    { type: 'git',
28 silly publish      url: 'git+https://github.com/ash-developer/mercury.git' },
28 silly publish   author: { name: 'Andrei Shevel', email: 'ash.developer@yandex.ru' },
28 silly publish   license: 'MIT',
28 silly publish   bugs: { url: 'https://github.com/ash-developer/mercury/issues' },
28 silly publish   homepage: 'https://github.com/ash-developer/mercury#readme',
28 silly publish   readme: 'Mercury project\n===============\n',
28 silly publish   readmeFilename: 'README.md',
28 silly publish   gitHead: 'c9c6b7fd63210895662720a23535ad5bfb5f43d4',
28 silly publish   _id: 'mercury.js@0.2.1',
28 silly publish   _shasum: 'c3e877c4278ac1d14767d0811e2e2ab5615e770a',
28 silly publish   _from: '.' }
29 error need auth auth and email required for publishing
29 error need auth You need to authorize this machine using `npm adduser`
30 error System Linux 3.16.0-30-generic
31 error command "/usr/local/bin/node" "/usr/local/bin/npm" "publish"
32 error cwd /home/ITRANSITION/a.shevel/workspace_node/mercury.js
33 error node -v v0.10.38
34 error npm -v 1.4.28
35 error code ENEEDAUTH
36 verbose exit [ 1, true ]
